2016/12/23 18:12:42 D [TCPProcessor.go(98)] : Header 1001 263 0 1 
2016/12/23 18:12:42 D [TCPProcessor.go(137)] : 正在连接... 
2016/12/23 18:12:42 D [TCPProcessor.go(221)] : 连接成功,等待用户登陆... 
2016/12/23 18:12:47 D [TCPProcessor.go(98)] : Header 1003 526 0 1 
2016/12/23 18:12:47 D [TCPProcessor.go(146)] : 正在登陆... 
2016/12/23 18:18:27 D [TCPProcessor.go(98)] : Header 1001 263 0 1 
2016/12/23 18:18:27 D [TCPProcessor.go(137)] : 正在连接... 
2016/12/23 18:18:27 D [TCPProcessor.go(221)] : 连接成功,等待用户登陆... 
2016/12/23 18:18:37 D [TCPProcessor.go(98)] : Header 1003 526 0 1 
2016/12/23 18:18:37 D [TCPProcessor.go(146)] : 正在登陆... 
2016/12/23 18:18:37 D [TCPProcessor.go(188)] : 用户注册... 
2016/12/23 18:20:06 D [TCPProcessor.go(98)] : Header 1006 538 0 1 
2016/12/23 18:21:23 D [TCPProcessor.go(98)] : Header 1001 263 0 1 
2016/12/23 18:21:23 D [TCPProcessor.go(137)] : 正在连接... 
2016/12/23 18:21:23 D [TCPProcessor.go(221)] : 连接成功,等待用户登陆... 
2016/12/23 18:24:28 D [TCPProcessor.go(98)] : Header 1001 263 0 1 
2016/12/23 18:24:28 D [TCPProcessor.go(137)] : 正在连接... 
2016/12/23 18:24:28 D [TCPProcessor.go(221)] : 连接成功,等待用户登陆... 
2016/12/23 18:24:39 D [TCPProcessor.go(98)] : Header 1003 526 0 1 
2016/12/23 18:24:39 D [TCPProcessor.go(146)] : 正在登陆... 
2016/12/23 18:24:39 D [TCPProcessor.go(188)] : 用户注册... 
2016/12/23 18:24:59 D [TCPProcessor.go(98)] : Header 1006 540 0 1 
2016/12/23 18:25:38 D [TCPProcessor.go(98)] : Header 1001 263 0 1 
2016/12/23 18:25:38 D [TCPProcessor.go(137)] : 正在连接... 
2016/12/23 18:25:38 D [TCPProcessor.go(221)] : 连接成功,等待用户登陆... 
2016/12/23 18:26:00 D [TCPProcessor.go(98)] : Header 1001 263 0 1 
2016/12/23 18:26:00 D [TCPProcessor.go(137)] : 正在连接... 
2016/12/23 18:26:00 D [TCPProcessor.go(221)] : 连接成功,等待用户登陆... 
2016/12/23 18:26:14 D [TCPProcessor.go(98)] : Header 1001 263 0 1 
2016/12/23 18:26:14 D [TCPProcessor.go(137)] : 正在连接... 
2016/12/23 18:26:14 D [TCPProcessor.go(221)] : 连接成功,等待用户登陆... 
2016/12/23 18:26:18 D [TCPProcessor.go(98)] : Header 1003 526 0 1 
2016/12/23 18:26:18 D [TCPProcessor.go(146)] : 正在登陆... 
2016/12/23 18:26:27 D [TCPProcessor.go(98)] : Header 1001 263 0 1 
2016/12/23 18:26:27 D [TCPProcessor.go(137)] : 正在连接... 
2016/12/23 18:26:27 D [TCPProcessor.go(221)] : 连接成功,等待用户登陆... 
2016/12/23 18:26:31 D [TCPProcessor.go(98)] : Header 1003 526 0 1 
2016/12/23 18:26:31 D [TCPProcessor.go(146)] : 正在登陆... 
2016/12/23 18:26:31 D [TCPProcessor.go(188)] : 用户注册... 
2016/12/23 18:30:47 D [TCPProcessor.go(98)] : Header 1001 263 0 1 
2016/12/23 18:30:47 D [TCPProcessor.go(137)] : 正在连接... 
2016/12/23 18:30:47 D [TCPProcessor.go(221)] : 连接成功,等待用户登陆... 
2016/12/23 18:30:51 D [TCPProcessor.go(98)] : Header 1003 526 0 1 
2016/12/23 18:30:51 D [TCPProcessor.go(146)] : 正在登陆... 
2016/12/23 18:30:51 D [TCPProcessor.go(188)] : 用户注册... 
2016/12/23 18:31:24 D [TCPProcessor.go(98)] : Header 1006 538 0 1 
2016/12/23 18:31:24 D [user.go(126)] : user is offset line: 100100000000003 
2016/12/23 18:32:00 D [TCPProcessor.go(98)] : Header 1001 263 0 1 
2016/12/23 18:32:00 D [TCPProcessor.go(137)] : 正在连接... 
2016/12/23 18:32:00 D [TCPProcessor.go(221)] : 连接成功,等待用户登陆... 
2016/12/23 18:32:05 D [TCPProcessor.go(98)] : Header 1003 526 0 1 
2016/12/23 18:32:05 D [TCPProcessor.go(146)] : 正在登陆... 
2016/12/23 18:32:15 D [TCPProcessor.go(98)] : Header 1006 535 0 1 
2016/12/23 18:32:15 D [user.go(126)] : user is offset line: 100100000000003 
2016/12/23 18:32:21 D [TCPProcessor.go(98)] : Header 1006 535 0 1 
2016/12/23 18:32:21 D [user.go(126)] : user is offset line: 100100000000003 
2016/12/23 18:32:27 D [TCPProcessor.go(98)] : Header 1006 535 0 1 
2016/12/23 18:32:27 D [user.go(126)] : user is offset line: 100100000000003 
2016/12/23 18:32:33 D [TCPProcessor.go(98)] : Header 1006 535 0 1 
2016/12/23 18:32:33 D [user.go(126)] : user is offset line: 100100000000003 
2016/12/23 18:45:11 D [TCPProcessor.go(98)] : Header 1001 263 0 1 
2016/12/23 18:45:11 D [TCPProcessor.go(137)] : 正在连接... 
2016/12/23 18:45:11 D [TCPProcessor.go(221)] : 连接成功,等待用户登陆... 
2016/12/23 18:45:20 D [TCPProcessor.go(98)] : Header 1003 526 0 1 
2016/12/23 18:45:20 D [TCPProcessor.go(146)] : 正在登陆... 
2016/12/23 18:45:20 D [TCPProcessor.go(188)] : 用户注册... 
2016/12/23 18:45:37 D [TCPProcessor.go(98)] : Header 1006 536 0 1 
2016/12/23 18:45:37 D [user.go(126)] : user is offset line: 100100000000003 
2016/12/23 18:48:17 D [TCPProcessor.go(98)] : Header 1006 536 0 1 
2016/12/23 18:48:17 D [user.go(126)] : user is offset line: 100100000000003 
2016/12/23 18:58:20 D [TCPProcessor.go(98)] : Header 1001 263 0 1 
2016/12/23 18:58:20 D [TCPProcessor.go(137)] : 正在连接... 
2016/12/23 18:58:20 D [TCPProcessor.go(221)] : 连接成功,等待用户登陆... 
2016/12/23 18:58:25 D [TCPProcessor.go(98)] : Header 1003 526 0 1 
2016/12/23 18:58:25 D [TCPProcessor.go(146)] : 正在登陆... 
2016/12/23 18:58:25 D [TCPProcessor.go(188)] : 用户注册... 
2016/12/23 18:58:41 D [TCPProcessor.go(98)] : Header 1006 539 0 1 
2016/12/23 19:01:37 D [TCPProcessor.go(98)] : Header 1001 263 0 1 
2016/12/23 19:01:37 D [TCPProcessor.go(137)] : 正在连接... 
2016/12/23 19:01:37 D [TCPProcessor.go(221)] : 连接成功,等待用户登陆... 
2016/12/23 19:01:47 D [TCPProcessor.go(98)] : Header 1003 526 0 1 
2016/12/23 19:01:47 D [TCPProcessor.go(146)] : 正在登陆... 
2016/12/23 19:01:47 D [TCPProcessor.go(188)] : 用户注册... 
2016/12/23 19:01:54 D [TCPProcessor.go(98)] : Header 1006 539 0 1 
2016/12/23 19:04:54 D [TCPProcessor.go(98)] : Header 1001 263 0 1 
2016/12/23 19:04:54 D [TCPProcessor.go(137)] : 正在连接... 
2016/12/23 19:04:54 D [TCPProcessor.go(220)] : 连接成功,等待用户登陆... 
2016/12/23 19:04:59 D [TCPProcessor.go(98)] : Header 1003 526 0 1 
2016/12/23 19:04:59 D [TCPProcessor.go(146)] : 正在登陆... 
2016/12/23 19:05:02 D [TCPProcessor.go(98)] : Header 1006 537 0 1 
2016/12/23 19:05:26 D [TCPProcessor.go(98)] : Header 1001 263 0 1 
2016/12/23 19:05:26 D [TCPProcessor.go(137)] : 正在连接... 
2016/12/23 19:05:26 D [TCPProcessor.go(220)] : 连接成功,等待用户登陆... 
2016/12/23 19:05:34 D [TCPProcessor.go(98)] : Header 1003 526 0 1 
2016/12/23 19:05:34 D [TCPProcessor.go(146)] : 正在登陆... 
2016/12/23 19:06:51 D [TCPProcessor.go(98)] : Header 1001 263 0 1 
2016/12/23 19:06:51 D [TCPProcessor.go(137)] : 正在连接... 
2016/12/23 19:06:51 D [TCPProcessor.go(220)] : 连接成功,等待用户登陆... 
2016/12/23 19:06:57 D [TCPProcessor.go(98)] : Header 1003 526 0 1 
2016/12/23 19:06:57 D [TCPProcessor.go(146)] : 正在登陆... 
2016/12/23 19:07:07 D [TCPProcessor.go(98)] : Header 1001 263 0 1 
2016/12/23 19:07:07 D [TCPProcessor.go(137)] : 正在连接... 
2016/12/23 19:07:07 D [TCPProcessor.go(220)] : 连接成功,等待用户登陆... 
2016/12/23 19:07:39 D [TCPProcessor.go(98)] : Header 1001 263 0 1 
2016/12/23 19:07:39 D [TCPProcessor.go(137)] : 正在连接... 
2016/12/23 19:07:39 D [TCPProcessor.go(220)] : 连接成功,等待用户登陆... 
2016/12/23 19:07:44 D [TCPProcessor.go(98)] : Header 1003 526 0 1 
2016/12/23 19:07:44 D [TCPProcessor.go(146)] : 正在登陆... 
2016/12/23 19:07:49 D [TCPProcessor.go(98)] : Header 1006 538 0 1 
2016/12/23 19:07:49 D [user.go(125)] : user is offset line: 100100000000002 
2016/12/23 19:08:01 D [TCPProcessor.go(98)] : Header 1001 263 0 1 
2016/12/23 19:08:01 D [TCPProcessor.go(137)] : 正在连接... 
2016/12/23 19:08:01 D [TCPProcessor.go(220)] : 连接成功,等待用户登陆... 
2016/12/23 19:08:05 D [TCPProcessor.go(98)] : Header 1003 526 0 1 
2016/12/23 19:08:05 D [TCPProcessor.go(146)] : 正在登陆... 
2016/12/23 19:08:12 D [TCPProcessor.go(98)] : Header 1006 540 0 1 
2016/12/23 19:08:26 D [TCPProcessor.go(98)] : Header 1006 539 0 1 
2016/12/23 19:08:54 D [TCPProcessor.go(98)] : Header 1006 535 0 1 
2016/12/23 19:10:37 D [TCPProcessor.go(98)] : Header 1006 539 0 1 
2016/12/23 19:23:03 D [TCPProcessor.go(98)] : Header 1006 539 0 1 
2016/12/23 19:23:28 D [TCPProcessor.go(98)] : Header 1006 552 0 1 
