2016/12/23 17:06:00 I [msgMessage.go(11)] : Registor message 1006 
2016/12/23 17:06:00 I [msgAccount.go(17)] : Registor message 1007 
2016/12/23 17:06:00 I [msgFinancing.go(17)] : Registor message 1008 
2016/12/23 17:06:00 I [main.go(37)] : ------------------start server----------------------- 
2016/12/23 17:06:00 I [dbmgr.go(54)] : select (id / ?) as serverplat, max(id) as maxid from t_bd_user group by (id / ?) [100000000 100000000] 
2016/12/23 17:06:00 I [idgenerator.go(45)] : 创建Channel 1001000 
2016/12/23 17:06:00 I [idgenerator.go(27)] : 写入ID 100100000000006 
2016/12/23 17:07:13 I [msgMessage.go(11)] : Registor message 1006 
2016/12/23 17:07:13 I [msgAccount.go(17)] : Registor message 1007 
2016/12/23 17:07:13 I [msgFinancing.go(17)] : Registor message 1008 
2016/12/23 17:07:13 I [main.go(37)] : ------------------start server----------------------- 
2016/12/23 17:07:13 I [dbmgr.go(54)] : select (id / ?) as serverplat, max(id) as maxid from t_bd_user group by (id / ?) [100000000 100000000] 
2016/12/23 17:07:13 I [idgenerator.go(45)] : 创建Channel 1001000 
2016/12/23 17:07:13 I [idgenerator.go(27)] : 写入ID 100100000000006 
2016/12/23 17:08:51 I [msgMessage.go(11)] : Registor message 1006 
2016/12/23 17:08:51 I [msgAccount.go(17)] : Registor message 1007 
2016/12/23 17:08:51 I [msgFinancing.go(17)] : Registor message 1008 
2016/12/23 17:08:51 I [main.go(37)] : ------------------start server----------------------- 
2016/12/23 17:08:51 I [dbmgr.go(54)] : select (id / ?) as serverplat, max(id) as maxid from t_bd_user group by (id / ?) [100000000 100000000] 
2016/12/23 17:08:51 I [idgenerator.go(45)] : 创建Channel 1001000 
2016/12/23 17:08:51 I [idgenerator.go(27)] : 写入ID 100100000000006 
2016/12/23 17:16:44 I [msgMessage.go(11)] : Registor message 1006 
2016/12/23 17:16:44 I [msgAccount.go(17)] : Registor message 1007 
2016/12/23 17:16:44 I [msgFinancing.go(17)] : Registor message 1008 
2016/12/23 17:16:44 I [main.go(37)] : ------------------start server----------------------- 
2016/12/23 17:16:44 I [dbmgr.go(54)] : select (id / ?) as serverplat, max(id) as maxid from t_bd_user group by (id / ?) [100000000 100000000] 
2016/12/23 17:16:44 I [idgenerator.go(45)] : 创建Channel 1001000 
2016/12/23 17:16:44 I [idgenerator.go(27)] : 写入ID 100100000000006 
2016/12/23 18:12:33 I [msgMessage.go(11)] : Registor message 1006 
2016/12/23 18:12:33 I [msgAccount.go(17)] : Registor message 1007 
2016/12/23 18:12:33 I [msgFinancing.go(17)] : Registor message 1008 
2016/12/23 18:12:33 I [main.go(37)] : ------------------start server----------------------- 
2016/12/23 18:12:33 I [dbmgr.go(54)] : select (id / ?) as serverplat, max(id) as maxid from t_bd_user group by (id / ?) [100000000 100000000] 
2016/12/23 18:12:33 I [idgenerator.go(45)] : 创建Channel 1001000 
2016/12/23 18:12:33 I [idgenerator.go(27)] : 写入ID 100100000000006 
2016/12/23 18:12:47 I [dbmgr.go(54)] : select * from t_bd_user where account = ? and pass = ? [liwei Hs23Z7Gh] 
2016/12/23 18:18:37 I [dbmgr.go(54)] : select * from t_bd_user where account = ? and pass = ? [liwei GIi6ZDCh] 
2016/12/23 18:18:37 I [user.go(50)] : User Message from system 10005 
2016/12/23 18:20:06 I [TCPProcessor.go(250)] : routMsgToUser:  192.168.0.81 100100000000002 
2016/12/23 18:20:06 I [user.go(44)] : User Message from client 1006 
2016/12/23 18:20:06 I [user.go(69)] : processClientMessage :: Msg Account process query begin 
2016/12/23 18:20:06 I [user.go(71)] : processClientMessage :: Msg Account process query 
2016/12/23 18:20:06 I [user.go(50)] : User Message from system 1006 
2016/12/23 18:20:09 I [user.go(50)] : User Message from system 10002 
2016/12/23 18:20:09 I [user.go(121)] : User offline 100100000000002 
2016/12/23 18:24:39 I [dbmgr.go(54)] : select * from t_bd_user where account = ? and pass = ? [liwei GIi6ZDCh] 
2016/12/23 18:24:39 I [user.go(50)] : User Message from system 10005 
2016/12/23 18:24:59 I [TCPProcessor.go(250)] : routMsgToUser:  192.168.0.81 100100000000002 
2016/12/23 18:24:59 I [user.go(44)] : User Message from client 1006 
2016/12/23 18:24:59 I [user.go(69)] : processClientMessage :: Msg Account process query begin 
2016/12/23 18:24:59 I [user.go(71)] : processClientMessage :: Msg Account process query 
2016/12/23 18:24:59 I [user.go(50)] : User Message from system 1006 
2016/12/23 18:25:18 I [user.go(50)] : User Message from system 10002 
2016/12/23 18:25:18 I [user.go(121)] : User offline 100100000000002 
2016/12/23 18:26:18 I [dbmgr.go(54)] : select * from t_bd_user where account = ? and pass = ? [liwei1 GIi6ZDCh] 
2016/12/23 18:26:31 I [dbmgr.go(54)] : select * from t_bd_user where account = ? and pass = ? [liwei GIi6ZDCh] 
2016/12/23 18:26:31 I [user.go(50)] : User Message from system 10005 
2016/12/23 18:27:30 I [user.go(50)] : User Message from system 10002 
2016/12/23 18:27:30 I [user.go(121)] : User offline 100100000000002 
2016/12/23 18:30:40 I [msgMessage.go(11)] : Registor message 1006 
2016/12/23 18:30:40 I [msgAccount.go(17)] : Registor message 1007 
2016/12/23 18:30:40 I [msgFinancing.go(17)] : Registor message 1008 
2016/12/23 18:30:40 I [main.go(37)] : ------------------start server----------------------- 
2016/12/23 18:30:40 I [dbmgr.go(54)] : select (id / ?) as serverplat, max(id) as maxid from t_bd_user group by (id / ?) [100000000 100000000] 
2016/12/23 18:30:40 I [idgenerator.go(45)] : 创建Channel 1001000 
2016/12/23 18:30:40 I [idgenerator.go(27)] : 写入ID 100100000000006 
2016/12/23 18:30:51 I [dbmgr.go(54)] : select * from t_bd_user where account = ? and pass = ? [liwei GIi6ZDCh] 
2016/12/23 18:30:51 I [user.go(50)] : User Message from system 10005 
2016/12/23 18:31:24 I [TCPProcessor.go(250)] : routMsgToUser:  192.168.0.81 100100000000002 
2016/12/23 18:31:24 I [user.go(44)] : User Message from client 1006 
2016/12/23 18:31:24 I [user.go(69)] : processClientMessage :: Msg Account process query begin 
2016/12/23 18:31:24 I [user.go(71)] : processClientMessage :: Msg Account process query 
2016/12/23 18:31:24 I [user.go(50)] : User Message from system 1006 
2016/12/23 18:32:05 I [dbmgr.go(54)] : select * from t_bd_user where account = ? and pass = ? [liwei1 GIi6ZDCh] 
2016/12/23 18:32:15 I [TCPProcessor.go(250)] : routMsgToUser:  192.168.0.81 100100000000002 
2016/12/23 18:32:15 I [user.go(44)] : User Message from client 1006 
2016/12/23 18:32:15 I [user.go(69)] : processClientMessage :: Msg Account process query begin 
2016/12/23 18:32:15 I [user.go(71)] : processClientMessage :: Msg Account process query 
2016/12/23 18:32:15 I [user.go(50)] : User Message from system 1006 
2016/12/23 18:32:21 I [TCPProcessor.go(250)] : routMsgToUser:  192.168.0.81 100100000000002 
2016/12/23 18:32:21 I [user.go(44)] : User Message from client 1006 
2016/12/23 18:32:21 I [user.go(69)] : processClientMessage :: Msg Account process query begin 
2016/12/23 18:32:21 I [user.go(71)] : processClientMessage :: Msg Account process query 
2016/12/23 18:32:21 I [user.go(50)] : User Message from system 1006 
2016/12/23 18:32:27 I [TCPProcessor.go(250)] : routMsgToUser:  192.168.0.81 100100000000002 
2016/12/23 18:32:27 I [user.go(44)] : User Message from client 1006 
2016/12/23 18:32:27 I [user.go(69)] : processClientMessage :: Msg Account process query begin 
2016/12/23 18:32:27 I [user.go(71)] : processClientMessage :: Msg Account process query 
2016/12/23 18:32:27 I [user.go(50)] : User Message from system 1006 
2016/12/23 18:32:33 I [TCPProcessor.go(250)] : routMsgToUser:  192.168.0.81 100100000000002 
2016/12/23 18:32:33 I [user.go(44)] : User Message from client 1006 
2016/12/23 18:32:33 I [user.go(69)] : processClientMessage :: Msg Account process query begin 
2016/12/23 18:32:33 I [user.go(71)] : processClientMessage :: Msg Account process query 
2016/12/23 18:32:33 I [user.go(50)] : User Message from system 1006 
2016/12/23 18:45:05 I [msgMessage.go(11)] : Registor message 1006 
2016/12/23 18:45:05 I [msgAccount.go(17)] : Registor message 1007 
2016/12/23 18:45:05 I [msgFinancing.go(17)] : Registor message 1008 
2016/12/23 18:45:05 I [main.go(37)] : ------------------start server----------------------- 
2016/12/23 18:45:05 I [dbmgr.go(54)] : select (id / ?) as serverplat, max(id) as maxid from t_bd_user group by (id / ?) [100000000 100000000] 
2016/12/23 18:45:05 I [idgenerator.go(45)] : 创建Channel 1001000 
2016/12/23 18:45:05 I [idgenerator.go(27)] : 写入ID 100100000000006 
2016/12/23 18:45:20 I [dbmgr.go(54)] : select * from t_bd_user where account = ? and pass = ? [liwei GIi6ZDCh] 
2016/12/23 18:45:20 I [user.go(50)] : User Message from system 10005 
2016/12/23 18:45:37 I [TCPProcessor.go(250)] : routMsgToUser:  192.168.0.81 100100000000002 
2016/12/23 18:45:37 I [user.go(44)] : User Message from client 1006 
2016/12/23 18:45:37 I [user.go(69)] : processClientMessage :: Msg Account process query begin 
2016/12/23 18:45:37 I [user.go(71)] : processClientMessage :: Msg Account process query 
2016/12/23 18:45:37 I [user.go(50)] : User Message from system 1006 
2016/12/23 18:48:17 I [TCPProcessor.go(250)] : routMsgToUser:  192.168.0.81 100100000000002 
2016/12/23 18:48:17 I [user.go(44)] : User Message from client 1006 
2016/12/23 18:48:17 I [user.go(69)] : processClientMessage :: Msg Account process query begin 
2016/12/23 18:48:17 I [user.go(71)] : processClientMessage :: Msg Account process query 
2016/12/23 18:48:17 I [user.go(50)] : User Message from system 1006 
2016/12/23 18:56:04 I [user.go(50)] : User Message from system 10002 
2016/12/23 18:56:04 I [user.go(121)] : User offline 100100000000002 
2016/12/23 18:58:15 I [msgMessage.go(11)] : Registor message 1006 
2016/12/23 18:58:15 I [msgAccount.go(17)] : Registor message 1007 
2016/12/23 18:58:15 I [msgFinancing.go(17)] : Registor message 1008 
2016/12/23 18:58:15 I [main.go(37)] : ------------------start server----------------------- 
2016/12/23 18:58:15 I [dbmgr.go(54)] : select (id / ?) as serverplat, max(id) as maxid from t_bd_user group by (id / ?) [100000000 100000000] 
2016/12/23 18:58:15 I [idgenerator.go(45)] : 创建Channel 1001000 
2016/12/23 18:58:15 I [idgenerator.go(27)] : 写入ID 100100000000006 
2016/12/23 18:58:25 I [dbmgr.go(54)] : select * from t_bd_user where account = ? and pass = ? [liwei GIi6ZDCh] 
2016/12/23 18:58:25 I [user.go(50)] : User Message from system 10005 
2016/12/23 18:58:41 I [TCPProcessor.go(250)] : routMsgToUser:  192.168.0.81 100100000000002 
2016/12/23 18:58:41 I [user.go(44)] : User Message from client 1006 
2016/12/23 18:58:41 I [user.go(69)] : processClientMessage :: Msg Account process query begin 
2016/12/23 18:58:41 I [user.go(71)] : processClientMessage :: Msg Account process query 
2016/12/23 19:01:34 I [msgMessage.go(11)] : Registor message 1006 
2016/12/23 19:01:34 I [msgAccount.go(17)] : Registor message 1007 
2016/12/23 19:01:34 I [msgFinancing.go(17)] : Registor message 1008 
2016/12/23 19:01:34 I [main.go(37)] : ------------------start server----------------------- 
2016/12/23 19:01:34 I [dbmgr.go(54)] : select (id / ?) as serverplat, max(id) as maxid from t_bd_user group by (id / ?) [100000000 100000000] 
2016/12/23 19:01:34 I [idgenerator.go(45)] : 创建Channel 1001000 
2016/12/23 19:01:34 I [idgenerator.go(27)] : 写入ID 100100000000006 
2016/12/23 19:01:47 I [dbmgr.go(54)] : select * from t_bd_user where account = ? and pass = ? [liwei GIi6ZDCh] 
2016/12/23 19:01:47 I [user.go(50)] : User Message from system 10005 
2016/12/23 19:01:54 I [TCPProcessor.go(250)] : routMsgToUser:  192.168.0.81 100100000000002 
2016/12/23 19:01:54 I [user.go(44)] : User Message from client 1006 
2016/12/23 19:01:54 I [user.go(70)] : processClientMessage :: user id is: 100100000000002 
2016/12/23 19:04:49 I [msgMessage.go(11)] : Registor message 1006 
2016/12/23 19:04:50 I [msgAccount.go(17)] : Registor message 1007 
2016/12/23 19:04:50 I [msgFinancing.go(17)] : Registor message 1008 
2016/12/23 19:04:50 I [main.go(37)] : ------------------start server----------------------- 
2016/12/23 19:04:50 I [dbmgr.go(54)] : select (id / ?) as serverplat, max(id) as maxid from t_bd_user group by (id / ?) [100000000 100000000] 
2016/12/23 19:04:50 I [idgenerator.go(45)] : 创建Channel 1001000 
2016/12/23 19:04:50 I [idgenerator.go(27)] : 写入ID 100100000000006 
2016/12/23 19:04:59 I [dbmgr.go(54)] : select * from t_bd_user where account = ? and pass = ? [liwei GIi6ZDCh] 
2016/12/23 19:04:59 I [user.go(50)] : User Message from system 10005 
2016/12/23 19:05:02 I [TCPProcessor.go(249)] : routMsgToUser:  192.168.0.81 100100000000002 
2016/12/23 19:05:02 I [user.go(44)] : User Message from client 1006 
2016/12/23 19:05:02 I [user.go(70)] : processClientMessage :: user id is: 100100000000002 
2016/12/23 19:05:24 I [user.go(50)] : User Message from system 10002 
2016/12/23 19:05:24 I [user.go(120)] : User offline 100100000000002 
2016/12/23 19:05:34 I [dbmgr.go(54)] : select * from t_bd_user where account = ? and pass = ? [liwei1 GIi6ZDCh] 
2016/12/23 19:06:57 I [dbmgr.go(54)] : select * from t_bd_user where account = ? and pass = ? [liwei1 GIi6ZDCh] 
2016/12/23 19:07:44 I [dbmgr.go(54)] : select * from t_bd_user where account = ? and pass = ? [liwei2 GIi6ZDCh] 
2016/12/23 19:07:44 I [user.go(50)] : User Message from system 10005 
2016/12/23 19:07:49 I [TCPProcessor.go(249)] : routMsgToUser:  192.168.0.81 100100000000003 
2016/12/23 19:07:49 I [user.go(44)] : User Message from client 1006 
2016/12/23 19:07:49 I [user.go(70)] : processClientMessage :: user id is: 100100000000003 
2016/12/23 19:07:49 I [msgMessage.go(54)] : Message Talk::receiver id is: 100100000000002 
2016/12/23 19:07:49 I [user.go(50)] : User Message from system 1006 
2016/12/23 19:08:05 I [dbmgr.go(54)] : select * from t_bd_user where account = ? and pass = ? [liwei GIi6ZDCh] 
2016/12/23 19:08:05 I [user.go(50)] : User Message from system 10005 
2016/12/23 19:08:12 I [TCPProcessor.go(249)] : routMsgToUser:  192.168.0.81 100100000000003 
2016/12/23 19:08:12 I [user.go(44)] : User Message from client 1006 
2016/12/23 19:08:12 I [user.go(70)] : processClientMessage :: user id is: 100100000000003 
2016/12/23 19:08:12 I [msgMessage.go(54)] : Message Talk::receiver id is: 100100000000002 
2016/12/23 19:08:12 I [user.go(50)] : User Message from system 1006 
2016/12/23 19:08:26 I [TCPProcessor.go(249)] : routMsgToUser:  192.168.0.81 100100000000003 
2016/12/23 19:08:26 I [user.go(44)] : User Message from client 1006 
2016/12/23 19:08:26 I [user.go(70)] : processClientMessage :: user id is: 100100000000003 
2016/12/23 19:08:26 I [msgMessage.go(54)] : Message Talk::receiver id is: 100100000000002 
2016/12/23 19:08:26 I [user.go(50)] : User Message from system 1006 
2016/12/23 19:08:54 I [TCPProcessor.go(249)] : routMsgToUser:  192.168.0.81 100100000000003 
2016/12/23 19:08:54 I [user.go(44)] : User Message from client 1006 
2016/12/23 19:08:54 I [user.go(70)] : processClientMessage :: user id is: 100100000000003 
2016/12/23 19:08:54 I [msgMessage.go(54)] : Message Talk::receiver id is: 100100000000002 
2016/12/23 19:08:54 I [user.go(50)] : User Message from system 1006 
2016/12/23 19:10:37 I [TCPProcessor.go(249)] : routMsgToUser:  192.168.0.81 100100000000003 
2016/12/23 19:10:37 I [user.go(44)] : User Message from client 1006 
2016/12/23 19:10:37 I [user.go(70)] : processClientMessage :: user id is: 100100000000003 
2016/12/23 19:10:37 I [msgMessage.go(54)] : Message Talk::receiver id is: 100100000000002 
2016/12/23 19:10:37 I [user.go(50)] : User Message from system 1006 
2016/12/23 19:23:03 I [TCPProcessor.go(249)] : routMsgToUser:  192.168.0.81 100100000000002 
2016/12/23 19:23:03 I [user.go(44)] : User Message from client 1006 
2016/12/23 19:23:03 I [user.go(70)] : processClientMessage :: user id is: 100100000000002 
2016/12/23 19:23:28 I [TCPProcessor.go(249)] : routMsgToUser:  192.168.0.81 100100000000003 
2016/12/23 19:23:28 I [user.go(44)] : User Message from client 1006 
2016/12/23 19:23:28 I [user.go(70)] : processClientMessage :: user id is: 100100000000003 
2016/12/23 19:23:28 I [msgMessage.go(54)] : Message Talk::receiver id is: 100100000000002 
2016/12/23 19:23:28 I [user.go(50)] : User Message from system 1006 
2016/12/23 19:23:39 I [user.go(50)] : User Message from system 10002 
2016/12/23 19:23:39 I [user.go(120)] : User offline 100100000000002 
2016/12/23 19:23:40 I [user.go(50)] : User Message from system 10002 
2016/12/23 19:23:40 I [user.go(120)] : User offline 100100000000003 
