2016/12/24 17:25:28 I [msgMessage.go(11)] : Registor message 1006 
2016/12/24 17:25:28 I [msgAccount.go(17)] : Registor message 1007 
2016/12/24 17:25:28 I [msgFinancing.go(17)] : Registor message 1008 
2016/12/24 17:25:28 I [main.go(37)] : ------------------start server----------------------- 
2016/12/24 17:25:28 I [dbmgr.go(54)] : select (id / ?) as serverplat, max(id) as maxid from t_bd_user group by (id / ?) [100000000 100000000] 
2016/12/24 17:25:28 I [idgenerator.go(45)] : 创建Channel 1001000 
2016/12/24 17:25:28 I [idgenerator.go(27)] : 写入ID 100100000000006 
2016/12/24 17:25:38 I [dbmgr.go(54)] : select * from t_bd_user where account = ? and pass = ? [liwei GIi6ZDCh] 
2016/12/24 17:25:38 I [user.go(50)] : User Message from system 10005 
2016/12/24 17:25:41 I [TCPProcessor.go(249)] : routMsgToUser:  192.168.0.81 100100000000002 
2016/12/24 17:25:41 I [user.go(44)] : User Message from client 1006 
2016/12/24 17:25:41 I [user.go(70)] : processClientMessage :: user id is: 100100000000002 
2016/12/24 17:25:50 I [dbmgr.go(54)] : select * from t_bd_user where account = ? and pass = ? [liwei2 GIi6ZDCh] 
2016/12/24 17:25:50 I [user.go(50)] : User Message from system 10005 
2016/12/24 17:25:53 I [TCPProcessor.go(249)] : routMsgToUser:  192.168.0.81 100100000000002 
2016/12/24 17:25:53 I [user.go(44)] : User Message from client 1006 
2016/12/24 17:25:53 I [user.go(70)] : processClientMessage :: user id is: 100100000000002 
2016/12/24 17:26:01 I [TCPProcessor.go(249)] : routMsgToUser:  192.168.0.81 100100000000002 
2016/12/24 17:26:01 I [user.go(44)] : User Message from client 1006 
2016/12/24 17:26:01 I [user.go(70)] : processClientMessage :: user id is: 100100000000002 
2016/12/24 17:26:03 I [TCPProcessor.go(249)] : routMsgToUser:  192.168.0.81 100100000000003 
2016/12/24 17:26:03 I [user.go(44)] : User Message from client 1006 
2016/12/24 17:26:03 I [user.go(70)] : processClientMessage :: user id is: 100100000000003 
2016/12/24 17:26:03 I [msgMessage.go(54)] : Message Talk::receiver id is: 100100000000002 
2016/12/24 17:26:03 I [user.go(50)] : User Message from system 1006 
2016/12/24 17:26:10 I [TCPProcessor.go(249)] : routMsgToUser:  192.168.0.81 100100000000003 
2016/12/24 17:26:10 I [user.go(44)] : User Message from client 1006 
2016/12/24 17:26:10 I [user.go(70)] : processClientMessage :: user id is: 100100000000003 
2016/12/24 17:26:10 I [msgMessage.go(54)] : Message Talk::receiver id is: 100100000000002 
2016/12/24 17:26:10 I [user.go(50)] : User Message from system 1006 
2016/12/24 17:26:13 I [user.go(50)] : User Message from system 10002 
2016/12/24 17:26:13 I [user.go(120)] : User offline 100100000000003 
2016/12/24 17:26:14 I [user.go(50)] : User Message from system 10002 
2016/12/24 17:26:14 I [user.go(120)] : User offline 100100000000002 
